<?xml version="1.0" encoding="UTF-8"?>
<!-- Generated by org.testng.reporters.JUnitXMLReporter -->
<testsuite hostname="LAPTOP-K2T3RNO9" ignored="0" name="Default test" tests="2" failures="0" timestamp="2020-06-07T16:23:28 IST" time="45.715" errors="0">
  <testcase name="LaunchHomePage" time="27.887" classname="com.zanui.testScripts.ShopFrontInvalidLoginTest"/>
  <testcase name="LoginStoreFront" time="9.743" classname="com.zanui.testScripts.ShopFrontInvalidLoginTest"/>
</testsuite> <!-- Default test -->
