<?xml version="1.0" encoding="UTF-8"?>
<testng-results skipped="0" failed="0" ignored="0" total="2" passed="2">
  <reporter-output>
  </reporter-output>
  <suite name="Default suite" duration-ms="45715" started-at="2020-06-07T16:22:43 IST" finished-at="2020-06-07T16:23:28 IST">
    <groups>
    </groups>
    <test name="Default test" duration-ms="45715" started-at="2020-06-07T16:22:43 IST" finished-at="2020-06-07T16:23:28 IST">
      <class name="com.zanui.testScripts.ShopFrontInvalidLoginTest">
        <test-method status="PASS" signature="beforeSuite(org.testng.ITestContext)[pri:0, instance:com.zanui.testScripts.ShopFrontInvalidLoginTest@7ce6a65d]" name="beforeSuite" is-config="true" duration-ms="507" started-at="2020-06-07T16:22:42 IST" finished-at="2020-06-07T16:22:43 IST">
          <params>
            <param index="0">
              <value>
                <![CDATA[org.testng.TestRunner@794b435f]]>
              </value>
            </param>
          </params>
          <reporter-output>
          </reporter-output>
        </test-method> <!-- beforeSuite -->
        <test-method status="PASS" signature="beforeTest()[pri:0, instance:com.zanui.testScripts.ShopFrontInvalidLoginTest@7ce6a65d]" name="beforeTest" is-config="true" duration-ms="6388" started-at="2020-06-07T16:22:43 IST" finished-at="2020-06-07T16:22:49 IST">
          <reporter-output>
          </reporter-output>
        </test-method> <!-- beforeTest -->
        <test-method status="PASS" signature="setUp()[pri:0, instance:com.zanui.testScripts.ShopFrontInvalidLoginTest@7ce6a65d]" name="setUp" is-config="true" duration-ms="0" started-at="2020-06-07T16:22:49 IST" finished-at="2020-06-07T16:22:49 IST">
          <reporter-output>
          </reporter-output>
        </test-method> <!-- setUp -->
        <test-method status="PASS" signature="beforeTestCase(java.lang.reflect.Method)[pri:0, instance:com.zanui.testScripts.ShopFrontInvalidLoginTest@7ce6a65d]" name="beforeTestCase" is-config="true" duration-ms="1" started-at="2020-06-07T16:22:49 IST" finished-at="2020-06-07T16:22:49 IST">
          <params>
            <param index="0">
              <value>
                <![CDATA[public void com.zanui.testScripts.ShopFrontInvalidLoginTest.LaunchHomePage()]]>
              </value>
            </param>
          </params>
          <reporter-output>
          </reporter-output>
        </test-method> <!-- beforeTestCase -->
        <test-method status="PASS" signature="LaunchHomePage()[pri:0, instance:com.zanui.testScripts.ShopFrontInvalidLoginTest@7ce6a65d]" name="LaunchHomePage" duration-ms="27887" started-at="2020-06-07T16:22:49 IST" description="Home Page is opened" finished-at="2020-06-07T16:23:17 IST">
          <reporter-output>
          </reporter-output>
        </test-method> <!-- LaunchHomePage -->
        <test-method status="PASS" signature="LoginStoreFront()[pri:1, instance:com.zanui.testScripts.ShopFrontInvalidLoginTest@7ce6a65d]" name="LoginStoreFront" duration-ms="9743" started-at="2020-06-07T16:23:17 IST" description="Try Invalid Login into the Store Front" finished-at="2020-06-07T16:23:27 IST">
          <reporter-output>
          </reporter-output>
        </test-method> <!-- LoginStoreFront -->
        <test-method status="PASS" signature="beforeTestCase(java.lang.reflect.Method)[pri:0, instance:com.zanui.testScripts.ShopFrontInvalidLoginTest@7ce6a65d]" name="beforeTestCase" is-config="true" duration-ms="0" started-at="2020-06-07T16:23:17 IST" finished-at="2020-06-07T16:23:17 IST">
          <params>
            <param index="0">
              <value>
                <![CDATA[public void com.zanui.testScripts.ShopFrontInvalidLoginTest.LoginStoreFront()]]>
              </value>
            </param>
          </params>
          <reporter-output>
          </reporter-output>
        </test-method> <!-- beforeTestCase -->
        <test-method status="PASS" signature="afterTest()[pri:0, instance:com.zanui.testScripts.ShopFrontInvalidLoginTest@7ce6a65d]" name="afterTest" is-config="true" duration-ms="1675" started-at="2020-06-07T16:23:27 IST" finished-at="2020-06-07T16:23:28 IST">
          <reporter-output>
          </reporter-output>
        </test-method> <!-- afterTest -->
        <test-method status="PASS" signature="afterSuite()[pri:0, instance:com.zanui.testScripts.ShopFrontInvalidLoginTest@7ce6a65d]" name="afterSuite" is-config="true" duration-ms="3493" started-at="2020-06-07T16:23:28 IST" finished-at="2020-06-07T16:23:32 IST">
          <reporter-output>
          </reporter-output>
        </test-method> <!-- afterSuite -->
      </class> <!-- com.zanui.testScripts.ShopFrontInvalidLoginTest -->
    </test> <!-- Default test -->
  </suite> <!-- Default suite -->
</testng-results>
