<?xml version="1.0" encoding="UTF-8"?>
<testsuite xmlns:xsi="http://www.w3.org/2001/XMLSchema-instance" xsi:noNamespaceSchemaLocation="https://maven.apache.org/surefire/maven-surefire-plugin/xsd/surefire-test-report-3.0.xsd" version="3.0" name="TestSuite" time="57.175" tests="4" errors="0" skipped="0" failures="0">
  <properties>
[...]
</properties>
  <testcase name="LaunchHomePage" classname="com.zanui.testScripts.ShopFrontLoggedInCheckoutTest" time="14.57"/>
  <testcase name="LoginStoreFront" classname="com.zanui.testScripts.ShopFrontLoggedInCheckoutTest" time="5.34"/>
  <testcase name="SearchProduct" classname="com.zanui.testScripts.ShopFrontLoggedInCheckoutTest" time="12.726"/>
  <testcase name="AddProductToCart" classname="com.zanui.testScripts.ShopFrontLoggedInCheckoutTest" time="8.67"/>
</testsuite>