<?xml version="1.0" encoding="UTF-8"?>
<!-- Generated by org.testng.reporters.JUnitXMLReporter -->
<testsuite hostname="LAPTOP-K2T3RNO9" ignored="0" name="ShopFrontLoggedInCheckoutTest" tests="4" failures="0" timestamp="2020-05-19T13:09:56 IST" time="52.24" errors="0">
  <testcase name="LaunchHomePage" time="14.57" classname="com.zanui.testScripts.ShopFrontLoggedInCheckoutTest"/>
  <testcase name="LoginStoreFront" time="5.34" classname="com.zanui.testScripts.ShopFrontLoggedInCheckoutTest"/>
  <testcase name="SearchProduct" time="12.726" classname="com.zanui.testScripts.ShopFrontLoggedInCheckoutTest"/>
  <testcase name="AddProductToCart" time="8.67" classname="com.zanui.testScripts.ShopFrontLoggedInCheckoutTest"/>
</testsuite> <!-- ShopFrontLoggedInCheckoutTest -->
